<?xml version="1.0" encoding="UTF-8"?>
<testsuite xmlns:xsi="http://www.w3.org/2001/XMLSchema-instance" xsi:noNamespaceSchemaLocation="https://maven.apache.org/surefire/maven-surefire-plugin/xsd/surefire-test-report-3.0.xsd" version="3.0" name="TestSuite" time="50.082" tests="36" errors="0" skipped="0" failures="0">
  <properties>
    <property name="java.specification.version" value="17"/>
    <property name="sun.cpu.isalist" value="amd64"/>
    <property name="sun.jnu.encoding" value="Cp1252"/>
    <property name="java.class.path" value="C:\Users\risho\OneDrive\Desktop\Automation_Testing\PetStoreAPI\target\test-classes;C:\Users\risho\OneDrive\Desktop\Automation_Testing\PetStoreAPI\target\classes;C:\Users\risho\.m2\repository\org\testng\testng\7.10.1\testng-7.10.1.jar;C:\Users\risho\.m2\repository\org\slf4j\slf4j-api\1.7.36\slf4j-api-1.7.36.jar;C:\Users\risho\.m2\repository\com\beust\jcommander\1.82\jcommander-1.82.jar;C:\Users\risho\.m2\repository\org\webjars\jquery\3.7.1\jquery-3.7.1.jar;C:\Users\risho\.m2\repository\io\rest-assured\rest-assured\5.4.0\rest-assured-5.4.0.jar;C:\Users\risho\.m2\repository\org\apache\groovy\groovy\4.0.16\groovy-4.0.16.jar;C:\Users\risho\.m2\repository\org\apache\groovy\groovy-xml\4.0.16\groovy-xml-4.0.16.jar;C:\Users\risho\.m2\repository\org\apache\httpcomponents\httpclient\4.5.13\httpclient-4.5.13.jar;C:\Users\risho\.m2\repository\org\apache\httpcomponents\httpcore\4.4.13\httpcore-4.4.13.jar;C:\Users\risho\.m2\repository\commons-logging\commons-logging\1.2\commons-logging-1.2.jar;C:\Users\risho\.m2\repository\org\apache\httpcomponents\httpmime\4.5.13\httpmime-4.5.13.jar;C:\Users\risho\.m2\repository\org\hamcrest\hamcrest\2.2\hamcrest-2.2.jar;C:\Users\risho\.m2\repository\org\ccil\cowan\tagsoup\tagsoup\1.2.1\tagsoup-1.2.1.jar;C:\Users\risho\.m2\repository\org\apache\poi\poi\5.2.5\poi-5.2.5.jar;C:\Users\risho\.m2\repository\commons-codec\commons-codec\1.16.0\commons-codec-1.16.0.jar;C:\Users\risho\.m2\repository\org\apache\commons\commons-collections4\4.4\commons-collections4-4.4.jar;C:\Users\risho\.m2\repository\org\apache\commons\commons-math3\3.6.1\commons-math3-3.6.1.jar;C:\Users\risho\.m2\repository\commons-io\commons-io\2.15.0\commons-io-2.15.0.jar;C:\Users\risho\.m2\repository\com\zaxxer\SparseBitSet\1.3\SparseBitSet-1.3.jar;C:\Users\risho\.m2\repository\org\apache\logging\log4j\log4j-api\2.21.1\log4j-api-2.21.1.jar;C:\Users\risho\.m2\repository\org\apache\poi\poi-ooxml\5.2.5\poi-ooxml-5.2.5.jar;C:\Users\risho\.m2\repository\org\apache\poi\poi-ooxml-lite\5.2.5\poi-ooxml-lite-5.2.5.jar;C:\Users\risho\.m2\repository\org\apache\xmlbeans\xmlbeans\5.2.0\xmlbeans-5.2.0.jar;C:\Users\risho\.m2\repository\org\apache\commons\commons-compress\1.25.0\commons-compress-1.25.0.jar;C:\Users\risho\.m2\repository\com\github\virtuald\curvesapi\1.08\curvesapi-1.08.jar;C:\Users\risho\.m2\repository\com\github\javafaker\javafaker\1.0.2\javafaker-1.0.2.jar;C:\Users\risho\.m2\repository\org\apache\commons\commons-lang3\3.5\commons-lang3-3.5.jar;C:\Users\risho\.m2\repository\org\yaml\snakeyaml\1.23\snakeyaml-1.23-android.jar;C:\Users\risho\.m2\repository\com\github\mifmif\generex\1.0.2\generex-1.0.2.jar;C:\Users\risho\.m2\repository\dk\brics\automaton\automaton\1.11-8\automaton-1.11-8.jar;C:\Users\risho\.m2\repository\com\aventstack\extentreports\5.1.0\extentreports-5.1.0.jar;C:\Users\risho\.m2\repository\io\reactivex\rxjava3\rxjava\3.1.6\rxjava-3.1.6.jar;C:\Users\risho\.m2\repository\org\reactivestreams\reactive-streams\1.0.4\reactive-streams-1.0.4.jar;C:\Users\risho\.m2\repository\org\freemarker\freemarker\2.3.32\freemarker-2.3.32.jar;C:\Users\risho\.m2\repository\org\projectlombok\lombok\1.18.26\lombok-1.18.26.jar;C:\Users\risho\.m2\repository\com\google\code\gson\gson\2.10.1\gson-2.10.1.jar;C:\Users\risho\.m2\repository\io\rest-assured\json-path\5.4.0\json-path-5.4.0.jar;C:\Users\risho\.m2\repository\org\apache\groovy\groovy-json\4.0.16\groovy-json-4.0.16.jar;C:\Users\risho\.m2\repository\io\rest-assured\rest-assured-common\5.4.0\rest-assured-common-5.4.0.jar;C:\Users\risho\.m2\repository\io\rest-assured\json-schema-validator\5.4.0\json-schema-validator-5.4.0.jar;C:\Users\risho\.m2\repository\com\github\java-json-tools\json-schema-validator\2.2.14\json-schema-validator-2.2.14.jar;C:\Users\risho\.m2\repository\com\github\java-json-tools\jackson-coreutils-equivalence\1.0\jackson-coreutils-equivalence-1.0.jar;C:\Users\risho\.m2\repository\com\fasterxml\jackson\core\jackson-databind\2.11.0\jackson-databind-2.11.0.jar;C:\Users\risho\.m2\repository\com\fasterxml\jackson\core\jackson-annotations\2.11.0\jackson-annotations-2.11.0.jar;C:\Users\risho\.m2\repository\com\fasterxml\jackson\core\jackson-core\2.11.0\jackson-core-2.11.0.jar;C:\Users\risho\.m2\repository\com\github\java-json-tools\jackson-coreutils\2.0\jackson-coreutils-2.0.jar;C:\Users\risho\.m2\repository\com\github\java-json-tools\msg-simple\1.2\msg-simple-1.2.jar;C:\Users\risho\.m2\repository\com\github\java-json-tools\btf\1.3\btf-1.3.jar;C:\Users\risho\.m2\repository\com\github\java-json-tools\json-schema-core\1.2.14\json-schema-core-1.2.14.jar;C:\Users\risho\.m2\repository\com\github\java-json-tools\uri-template\0.10\uri-template-0.10.jar;C:\Users\risho\.m2\repository\org\mozilla\rhino\1.7.7.2\rhino-1.7.7.2.jar;C:\Users\risho\.m2\repository\com\sun\mail\mailapi\1.6.2\mailapi-1.6.2.jar;C:\Users\risho\.m2\repository\joda-time\joda-time\2.10.5\joda-time-2.10.5.jar;C:\Users\risho\.m2\repository\com\googlecode\libphonenumber\libphonenumber\8.11.1\libphonenumber-8.11.1.jar;C:\Users\risho\.m2\repository\com\google\code\findbugs\jsr305\3.0.2\jsr305-3.0.2.jar;C:\Users\risho\.m2\repository\net\sf\jopt-simple\jopt-simple\5.0.4\jopt-simple-5.0.4.jar;C:\Users\risho\.m2\repository\com\google\guava\guava\32.0.1-jre\guava-32.0.1-jre.jar;C:\Users\risho\.m2\repository\com\google\guava\failureaccess\1.0.1\failureaccess-1.0.1.jar;C:\Users\risho\.m2\repository\com\google\guava\listenablefuture\9999.0-empty-to-avoid-conflict-with-guava\listenablefuture-9999.0-empty-to-avoid-conflict-with-guava.jar;C:\Users\risho\.m2\repository\org\checkerframework\checker-qual\3.33.0\checker-qual-3.33.0.jar;C:\Users\risho\.m2\repository\com\google\errorprone\error_prone_annotations\2.18.0\error_prone_annotations-2.18.0.jar;C:\Users\risho\.m2\repository\com\google\j2objc\j2objc-annotations\2.8\j2objc-annotations-2.8.jar;C:\Users\risho\.m2\repository\io\rest-assured\xml-path\5.4.0\xml-path-5.4.0.jar;"/>
    <property name="java.vm.vendor" value="Oracle Corporation"/>
    <property name="sun.arch.data.model" value="64"/>
    <property name="user.variant" value=""/>
    <property name="java.vendor.url" value="https://java.oracle.com/"/>
    <property name="user.timezone" value="America/Chicago"/>
    <property name="os.name" value="Windows 11"/>
    <property name="java.vm.specification.version" value="17"/>
    <property name="sun.java.launcher" value="SUN_STANDARD"/>
    <property name="user.country" value="US"/>
    <property name="sun.boot.library.path" value="C:\Program Files\Java\jdk-17\bin"/>
    <property name="sun.java.command" value="C:\Users\risho\AppData\Local\Temp\surefire10556618775275334186\surefirebooter-20240425112512014_3.jar C:\Users\risho\AppData\Local\Temp\surefire10556618775275334186 2024-04-25T11-25-10_240-jvmRun1 surefire-20240425112512014_1tmp surefire_0-20240425112512014_2tmp"/>
    <property name="jdk.debug" value="release"/>
    <property name="surefire.test.class.path" value="C:\Users\risho\OneDrive\Desktop\Automation_Testing\PetStoreAPI\target\test-classes;C:\Users\risho\OneDrive\Desktop\Automation_Testing\PetStoreAPI\target\classes;C:\Users\risho\.m2\repository\org\testng\testng\7.10.1\testng-7.10.1.jar;C:\Users\risho\.m2\repository\org\slf4j\slf4j-api\1.7.36\slf4j-api-1.7.36.jar;C:\Users\risho\.m2\repository\com\beust\jcommander\1.82\jcommander-1.82.jar;C:\Users\risho\.m2\repository\org\webjars\jquery\3.7.1\jquery-3.7.1.jar;C:\Users\risho\.m2\repository\io\rest-assured\rest-assured\5.4.0\rest-assured-5.4.0.jar;C:\Users\risho\.m2\repository\org\apache\groovy\groovy\4.0.16\groovy-4.0.16.jar;C:\Users\risho\.m2\repository\org\apache\groovy\groovy-xml\4.0.16\groovy-xml-4.0.16.jar;C:\Users\risho\.m2\repository\org\apache\httpcomponents\httpclient\4.5.13\httpclient-4.5.13.jar;C:\Users\risho\.m2\repository\org\apache\httpcomponents\httpcore\4.4.13\httpcore-4.4.13.jar;C:\Users\risho\.m2\repository\commons-logging\commons-logging\1.2\commons-logging-1.2.jar;C:\Users\risho\.m2\repository\org\apache\httpcomponents\httpmime\4.5.13\httpmime-4.5.13.jar;C:\Users\risho\.m2\repository\org\hamcrest\hamcrest\2.2\hamcrest-2.2.jar;C:\Users\risho\.m2\repository\org\ccil\cowan\tagsoup\tagsoup\1.2.1\tagsoup-1.2.1.jar;C:\Users\risho\.m2\repository\org\apache\poi\poi\5.2.5\poi-5.2.5.jar;C:\Users\risho\.m2\repository\commons-codec\commons-codec\1.16.0\commons-codec-1.16.0.jar;C:\Users\risho\.m2\repository\org\apache\commons\commons-collections4\4.4\commons-collections4-4.4.jar;C:\Users\risho\.m2\repository\org\apache\commons\commons-math3\3.6.1\commons-math3-3.6.1.jar;C:\Users\risho\.m2\repository\commons-io\commons-io\2.15.0\commons-io-2.15.0.jar;C:\Users\risho\.m2\repository\com\zaxxer\SparseBitSet\1.3\SparseBitSet-1.3.jar;C:\Users\risho\.m2\repository\org\apache\logging\log4j\log4j-api\2.21.1\log4j-api-2.21.1.jar;C:\Users\risho\.m2\repository\org\apache\poi\poi-ooxml\5.2.5\poi-ooxml-5.2.5.jar;C:\Users\risho\.m2\repository\org\apache\poi\poi-ooxml-lite\5.2.5\poi-ooxml-lite-5.2.5.jar;C:\Users\risho\.m2\repository\org\apache\xmlbeans\xmlbeans\5.2.0\xmlbeans-5.2.0.jar;C:\Users\risho\.m2\repository\org\apache\commons\commons-compress\1.25.0\commons-compress-1.25.0.jar;C:\Users\risho\.m2\repository\com\github\virtuald\curvesapi\1.08\curvesapi-1.08.jar;C:\Users\risho\.m2\repository\com\github\javafaker\javafaker\1.0.2\javafaker-1.0.2.jar;C:\Users\risho\.m2\repository\org\apache\commons\commons-lang3\3.5\commons-lang3-3.5.jar;C:\Users\risho\.m2\repository\org\yaml\snakeyaml\1.23\snakeyaml-1.23-android.jar;C:\Users\risho\.m2\repository\com\github\mifmif\generex\1.0.2\generex-1.0.2.jar;C:\Users\risho\.m2\repository\dk\brics\automaton\automaton\1.11-8\automaton-1.11-8.jar;C:\Users\risho\.m2\repository\com\aventstack\extentreports\5.1.0\extentreports-5.1.0.jar;C:\Users\risho\.m2\repository\io\reactivex\rxjava3\rxjava\3.1.6\rxjava-3.1.6.jar;C:\Users\risho\.m2\repository\org\reactivestreams\reactive-streams\1.0.4\reactive-streams-1.0.4.jar;C:\Users\risho\.m2\repository\org\freemarker\freemarker\2.3.32\freemarker-2.3.32.jar;C:\Users\risho\.m2\repository\org\projectlombok\lombok\1.18.26\lombok-1.18.26.jar;C:\Users\risho\.m2\repository\com\google\code\gson\gson\2.10.1\gson-2.10.1.jar;C:\Users\risho\.m2\repository\io\rest-assured\json-path\5.4.0\json-path-5.4.0.jar;C:\Users\risho\.m2\repository\org\apache\groovy\groovy-json\4.0.16\groovy-json-4.0.16.jar;C:\Users\risho\.m2\repository\io\rest-assured\rest-assured-common\5.4.0\rest-assured-common-5.4.0.jar;C:\Users\risho\.m2\repository\io\rest-assured\json-schema-validator\5.4.0\json-schema-validator-5.4.0.jar;C:\Users\risho\.m2\repository\com\github\java-json-tools\json-schema-validator\2.2.14\json-schema-validator-2.2.14.jar;C:\Users\risho\.m2\repository\com\github\java-json-tools\jackson-coreutils-equivalence\1.0\jackson-coreutils-equivalence-1.0.jar;C:\Users\risho\.m2\repository\com\fasterxml\jackson\core\jackson-databind\2.11.0\jackson-databind-2.11.0.jar;C:\Users\risho\.m2\repository\com\fasterxml\jackson\core\jackson-annotations\2.11.0\jackson-annotations-2.11.0.jar;C:\Users\risho\.m2\repository\com\fasterxml\jackson\core\jackson-core\2.11.0\jackson-core-2.11.0.jar;C:\Users\risho\.m2\repository\com\github\java-json-tools\jackson-coreutils\2.0\jackson-coreutils-2.0.jar;C:\Users\risho\.m2\repository\com\github\java-json-tools\msg-simple\1.2\msg-simple-1.2.jar;C:\Users\risho\.m2\repository\com\github\java-json-tools\btf\1.3\btf-1.3.jar;C:\Users\risho\.m2\repository\com\github\java-json-tools\json-schema-core\1.2.14\json-schema-core-1.2.14.jar;C:\Users\risho\.m2\repository\com\github\java-json-tools\uri-template\0.10\uri-template-0.10.jar;C:\Users\risho\.m2\repository\org\mozilla\rhino\1.7.7.2\rhino-1.7.7.2.jar;C:\Users\risho\.m2\repository\com\sun\mail\mailapi\1.6.2\mailapi-1.6.2.jar;C:\Users\risho\.m2\repository\joda-time\joda-time\2.10.5\joda-time-2.10.5.jar;C:\Users\risho\.m2\repository\com\googlecode\libphonenumber\libphonenumber\8.11.1\libphonenumber-8.11.1.jar;C:\Users\risho\.m2\repository\com\google\code\findbugs\jsr305\3.0.2\jsr305-3.0.2.jar;C:\Users\risho\.m2\repository\net\sf\jopt-simple\jopt-simple\5.0.4\jopt-simple-5.0.4.jar;C:\Users\risho\.m2\repository\com\google\guava\guava\32.0.1-jre\guava-32.0.1-jre.jar;C:\Users\risho\.m2\repository\com\google\guava\failureaccess\1.0.1\failureaccess-1.0.1.jar;C:\Users\risho\.m2\repository\com\google\guava\listenablefuture\9999.0-empty-to-avoid-conflict-with-guava\listenablefuture-9999.0-empty-to-avoid-conflict-with-guava.jar;C:\Users\risho\.m2\repository\org\checkerframework\checker-qual\3.33.0\checker-qual-3.33.0.jar;C:\Users\risho\.m2\repository\com\google\errorprone\error_prone_annotations\2.18.0\error_prone_annotations-2.18.0.jar;C:\Users\risho\.m2\repository\com\google\j2objc\j2objc-annotations\2.8\j2objc-annotations-2.8.jar;C:\Users\risho\.m2\repository\io\rest-assured\xml-path\5.4.0\xml-path-5.4.0.jar;"/>
    <property name="sun.cpu.endian" value="little"/>
    <property name="user.home" value="C:\Users\risho"/>
    <property name="user.language" value="en"/>
    <property name="java.specification.vendor" value="Oracle Corporation"/>
    <property name="java.version.date" value="2024-01-16"/>
    <property name="java.home" value="C:\Program Files\Java\jdk-17"/>
    <property name="file.separator" value="\"/>
    <property name="style.color" value="always"/>
    <property name="basedir" value="C:\Users\risho\OneDrive\Desktop\Automation_Testing\PetStoreAPI"/>
    <property name="java.vm.compressedOopsMode" value="32-bit"/>
    <property name="line.separator" value="&#10;"/>
    <property name="java.vm.specification.vendor" value="Oracle Corporation"/>
    <property name="java.specification.name" value="Java Platform API Specification"/>
    <property name="surefire.real.class.path" value="C:\Users\risho\AppData\Local\Temp\surefire10556618775275334186\surefirebooter-20240425112512014_3.jar"/>
    <property name="user.script" value=""/>
    <property name="sun.management.compiler" value="HotSpot 64-Bit Tiered Compilers"/>
    <property name="java.runtime.version" value="17.0.10+11-LTS-240"/>
    <property name="user.name" value="risho"/>
    <property name="path.separator" value=";"/>
    <property name="os.version" value="10.0"/>
    <property name="java.runtime.name" value="Java(TM) SE Runtime Environment"/>
    <property name="file.encoding" value="Cp1252"/>
    <property name="java.vm.name" value="Java HotSpot(TM) 64-Bit Server VM"/>
    <property name="localRepository" value="C:\Users\risho\.m2\repository"/>
    <property name="java.vendor.url.bug" value="https://bugreport.java.com/bugreport/"/>
    <property name="java.io.tmpdir" value="C:\Users\risho\AppData\Local\Temp\"/>
    <property name="java.version" value="17.0.10"/>
    <property name="user.dir" value="C:\Users\risho\OneDrive\Desktop\Automation_Testing\PetStoreAPI"/>
    <property name="os.arch" value="amd64"/>
    <property name="java.vm.specification.name" value="Java Virtual Machine Specification"/>
    <property name="sun.os.patch.level" value=""/>
    <property name="native.encoding" value="Cp1252"/>
    <property name="java.library.path" value="C:\Program Files\Java\jdk-17\bin;C:\Windows\Sun\Java\bin;C:\Windows\system32;C:\Windows;C:\Program Files\Common Files\Oracle\Java\javapath;C:\Program Files (x86)\Common Files\Oracle\Java\javapath;C:\Python311\Scripts\;C:\Python311\;C:\Windows\system32;C:\Windows;C:\Windows\System32\Wbem;C:\Windows\System32\WindowsPowerShell\v1.0\;C:\Windows\System32\OpenSSH\;C:\ProgramData\chocolatey\bin;C:\Program Files\Git\cmd;C:\Program Files\nodejs\;C:\Program Files\MySQL\MySQL Shell 8.0\bin\;C:\Users\risho\AppData\Local\Microsoft\WindowsApps;C:\Program Files\JetBrains\IntelliJ IDEA Community Edition 2023.2.1\bin;;C:\Users\risho\AppData\Local\Programs\Microsoft VS Code\bin;C:\Users\risho\AppData\Roaming\npm;C:\Users\risho\AppData\Local\GitHubDesktop\bin;."/>
    <property name="java.vm.info" value="mixed mode, sharing"/>
    <property name="java.vendor" value="Oracle Corporation"/>
    <property name="java.vm.version" value="17.0.10+11-LTS-240"/>
    <property name="sun.io.unicode.encoding" value="UnicodeLittle"/>
    <property name="java.class.version" value="61.0"/>
  </properties>
  <testcase name="testPostUser" classname="api.test.UserTestCases" time="13.077">
    <system-out><![CDATA[
****************


Length : 16
****************

{
    "code": 200,
    "type": "unknown",
    "message": "2030036700"
}

*******Cookies********



****************

HTTP/1.1 200 OK
Date: Thu, 25 Apr 2024 16:25:31 GMT
Content-Type: application/json
Transfer-Encoding: chunked
Connection: keep-alive
Access-Control-Allow-Origin: *
Access-Control-Allow-Methods: GET, POST, DELETE, PUT
Access-Control-Allow-Headers: Content-Type, api_key, Authorization
Server: Jetty(9.2.9.v20150224)

{
    "code": 200,
    "type": "unknown",
    "message": "2030036700"
}
]]></system-out>
    <system-err><![CDATA[SLF4J: Failed to load class "org.slf4j.impl.StaticLoggerBinder".
SLF4J: Defaulting to no-operation (NOP) logger implementation
SLF4J: See http://www.slf4j.org/codes.html#StaticLoggerBinder for further details.
]]></system-err>
  </testcase>
  <testcase name="testGetUserByName" classname="api.test.UserTestCases" time="0.419">
    <system-out><![CDATA[HTTP/1.1 200 OK
Date: Thu, 25 Apr 2024 16:25:32 GMT
Content-Type: application/json
Transfer-Encoding: chunked
Connection: keep-alive
Access-Control-Allow-Origin: *
Access-Control-Allow-Methods: GET, POST, DELETE, PUT
Access-Control-Allow-Headers: Content-Type, api_key, Authorization
Server: Jetty(9.2.9.v20150224)

{
    "id": 2030036700,
    "username": "jerrold.vonrueden",
    "firstName": "Waldo",
    "lastName": "Wolff",
    "email": "selma.hoeger@example.com",
    "password": "5jbace",
    "phone": "860-769-9652",
    "userStatus": 0
}
]]></system-out>
  </testcase>
  <testcase name="testUpdateUserByname" classname="api.test.UserTestCases" time="0.693">
    <system-out><![CDATA[{
    "code": 200,
    "type": "unknown",
    "message": "2030036700"
}
]]></system-out>
  </testcase>
  <testcase name="testDeleteUserByName" classname="api.test.UserTestCases" time="0.282">
    <system-out><![CDATA[HTTP/1.1 200 OK
Date: Thu, 25 Apr 2024 16:25:33 GMT
Content-Type: application/json
Transfer-Encoding: chunked
Connection: keep-alive
Access-Control-Allow-Origin: *
Access-Control-Allow-Methods: GET, POST, DELETE, PUT
Access-Control-Allow-Headers: Content-Type, api_key, Authorization
Server: Jetty(9.2.9.v20150224)

{
    "code": 200,
    "type": "unknown",
    "message": "jerrold.vonrueden"
}
]]></system-out>
  </testcase>
  <testcase name="testPostUser" classname="api.test.UserTestCases1" time="0.479">
    <system-out><![CDATA[
****************


Length : 16
****************

{
    "code": 200,
    "type": "unknown",
    "message": "1316317287"
}

*******Cookies********



****************

HTTP/1.1 200 OK
Date: Thu, 25 Apr 2024 16:25:34 GMT
Content-Type: application/json
Transfer-Encoding: chunked
Connection: keep-alive
Access-Control-Allow-Origin: *
Access-Control-Allow-Methods: GET, POST, DELETE, PUT
Access-Control-Allow-Headers: Content-Type, api_key, Authorization
Server: Jetty(9.2.9.v20150224)

{
    "code": 200,
    "type": "unknown",
    "message": "1316317287"
}
]]></system-out>
  </testcase>
  <testcase name="testGetUserByName" classname="api.test.UserTestCases1" time="0.607">
    <system-out><![CDATA[HTTP/1.1 200 OK
Date: Thu, 25 Apr 2024 16:25:34 GMT
Content-Type: application/json
Transfer-Encoding: chunked
Connection: keep-alive
Access-Control-Allow-Origin: *
Access-Control-Allow-Methods: GET, POST, DELETE, PUT
Access-Control-Allow-Headers: Content-Type, api_key, Authorization
Server: Jetty(9.2.9.v20150224)

{
    "id": 1316317287,
    "username": "grover.kassulke",
    "firstName": "Brianne",
    "lastName": "Rempel",
    "email": "stephani.kling@example.com",
    "password": "puyk4j1if4",
    "phone": "685-021-4415",
    "userStatus": 0
}
]]></system-out>
  </testcase>
  <testcase name="testUpdateUserByname" classname="api.test.UserTestCases1" time="0.374">
    <system-out><![CDATA[{
    "code": 200,
    "type": "unknown",
    "message": "1316317287"
}
]]></system-out>
  </testcase>
  <testcase name="testDeleteUserByName" classname="api.test.UserTestCases1" time="0.291">
    <system-out><![CDATA[HTTP/1.1 200 OK
Date: Thu, 25 Apr 2024 16:25:35 GMT
Content-Type: application/json
Transfer-Encoding: chunked
Connection: keep-alive
Access-Control-Allow-Origin: *
Access-Control-Allow-Methods: GET, POST, DELETE, PUT
Access-Control-Allow-Headers: Content-Type, api_key, Authorization
Server: Jetty(9.2.9.v20150224)

{
    "code": 200,
    "type": "unknown",
    "message": "grover.kassulke"
}
]]></system-out>
  </testcase>
  <testcase name="testPostUser[1001, rishov0514, Tonny, Shovik, rdijsns@yahoo.com, yrtrs588763258, 636-547-8953](1)" classname="api.test.DDTestCases1" time="0.359">
    <system-out><![CDATA[C:\Users\risho\OneDrive\Desktop\Automation_Testing\PetStoreAPI\testData\UserTestData.xlsx
HTTP/1.1 200 OK
Date: Thu, 25 Apr 2024 16:25:50 GMT
Content-Type: application/json
Transfer-Encoding: chunked
Connection: keep-alive
Access-Control-Allow-Origin: *
Access-Control-Allow-Methods: GET, POST, DELETE, PUT
Access-Control-Allow-Headers: Content-Type, api_key, Authorization
Server: Jetty(9.2.9.v20150224)

{
    "code": 200,
    "type": "unknown",
    "message": "1001"
}
io.restassured.internal.ValidatableResponseImpl@7375ebe7]]></system-out>
    <system-err><![CDATA[ERROR StatusLogger Log4j2 could not find a logging implementation. Please add log4j-core to the classpath. Using SimpleLogger to log to the console...
]]></system-err>
  </testcase>
  <testcase name="testPostUser[1002, rtyhov0515, Tammey, Kimberly, rdijsns@yahoo.com, yrtrs588763259, 636-585-2584](2)" classname="api.test.DDTestCases1" time="0.289">
    <system-out><![CDATA[HTTP/1.1 200 OK
Date: Thu, 25 Apr 2024 16:25:50 GMT
Content-Type: application/json
Transfer-Encoding: chunked
Connection: keep-alive
Access-Control-Allow-Origin: *
Access-Control-Allow-Methods: GET, POST, DELETE, PUT
Access-Control-Allow-Headers: Content-Type, api_key, Authorization
Server: Jetty(9.2.9.v20150224)

{
    "code": 200,
    "type": "unknown",
    "message": "1002"
}
io.restassured.internal.ValidatableResponseImpl@6dd59886]]></system-out>
  </testcase>
  <testcase name="testPostUser[1003, kiuyov0516, KiGunhh, Smith, rdijsns@yahoo.com, yrtrs588763260, 636-547-1489](3)" classname="api.test.DDTestCases1" time="0.323">
    <system-out><![CDATA[HTTP/1.1 200 OK
Date: Thu, 25 Apr 2024 16:25:50 GMT
Content-Type: application/json
Transfer-Encoding: chunked
Connection: keep-alive
Access-Control-Allow-Origin: *
Access-Control-Allow-Methods: GET, POST, DELETE, PUT
Access-Control-Allow-Headers: Content-Type, api_key, Authorization
Server: Jetty(9.2.9.v20150224)

{
    "code": 200,
    "type": "unknown",
    "message": "1003"
}
io.restassured.internal.ValidatableResponseImpl@79fbcef4]]></system-out>
  </testcase>
  <testcase name="testPostUser[1004, rishov0517, Tonny, Paul, rdijsns@yahoo.com, yrtrs588763261, 636-589-8956](4)" classname="api.test.DDTestCases1" time="0.325">
    <system-out><![CDATA[HTTP/1.1 200 OK
Date: Thu, 25 Apr 2024 16:25:51 GMT
Content-Type: application/json
Transfer-Encoding: chunked
Connection: keep-alive
Access-Control-Allow-Origin: *
Access-Control-Allow-Methods: GET, POST, DELETE, PUT
Access-Control-Allow-Headers: Content-Type, api_key, Authorization
Server: Jetty(9.2.9.v20150224)

{
    "code": 200,
    "type": "unknown",
    "message": "1004"
}
io.restassured.internal.ValidatableResponseImpl@57f83dc7]]></system-out>
  </testcase>
  <testcase name="testPostUser[1005, bhgtv0518, Tonny, Larkin, rdijsns@yahoo.com, yrtrs588763262, 636-014-8921](5)" classname="api.test.DDTestCases1" time="0.264">
    <system-out><![CDATA[HTTP/1.1 200 OK
Date: Thu, 25 Apr 2024 16:25:51 GMT
Content-Type: application/json
Transfer-Encoding: chunked
Connection: keep-alive
Access-Control-Allow-Origin: *
Access-Control-Allow-Methods: GET, POST, DELETE, PUT
Access-Control-Allow-Headers: Content-Type, api_key, Authorization
Server: Jetty(9.2.9.v20150224)

{
    "code": 200,
    "type": "unknown",
    "message": "1005"
}
io.restassured.internal.ValidatableResponseImpl@72f91c91]]></system-out>
  </testcase>
  <testcase name="testPostUser[1006, lkkuy0519, Tonny, Khan, rdijsns@yahoo.com, yrtrs588763263, 636-547-8958](6)" classname="api.test.DDTestCases1" time="0.332">
    <system-out><![CDATA[HTTP/1.1 200 OK
Date: Thu, 25 Apr 2024 16:25:51 GMT
Content-Type: application/json
Transfer-Encoding: chunked
Connection: keep-alive
Access-Control-Allow-Origin: *
Access-Control-Allow-Methods: GET, POST, DELETE, PUT
Access-Control-Allow-Headers: Content-Type, api_key, Authorization
Server: Jetty(9.2.9.v20150224)

{
    "code": 200,
    "type": "unknown",
    "message": "1006"
}
io.restassured.internal.ValidatableResponseImpl@555b3ec9]]></system-out>
  </testcase>
  <testcase name="testPostUser[1007, aqwd0520, Tonny, Mia, rdijsns@yahoo.com, yrtrs588763264, 636-547-8959](7)" classname="api.test.DDTestCases1" time="0.347">
    <system-out><![CDATA[HTTP/1.1 200 OK
Date: Thu, 25 Apr 2024 16:25:51 GMT
Content-Type: application/json
Transfer-Encoding: chunked
Connection: keep-alive
Access-Control-Allow-Origin: *
Access-Control-Allow-Methods: GET, POST, DELETE, PUT
Access-Control-Allow-Headers: Content-Type, api_key, Authorization
Server: Jetty(9.2.9.v20150224)

{
    "code": 200,
    "type": "unknown",
    "message": "1007"
}
io.restassured.internal.ValidatableResponseImpl@78a46d7b]]></system-out>
  </testcase>
  <testcase name="testdeleteUserByName[rishov0514](1)" classname="api.test.DDTestCases1" time="0.282"/>
  <testcase name="testdeleteUserByName[rtyhov0515](2)" classname="api.test.DDTestCases1" time="0.196"/>
  <testcase name="testdeleteUserByName[kiuyov0516](3)" classname="api.test.DDTestCases1" time="0.245"/>
  <testcase name="testdeleteUserByName[rishov0517](4)" classname="api.test.DDTestCases1" time="0.246"/>
  <testcase name="testdeleteUserByName[bhgtv0518](5)" classname="api.test.DDTestCases1" time="0.256"/>
  <testcase name="testdeleteUserByName[lkkuy0519](6)" classname="api.test.DDTestCases1" time="0.241"/>
  <testcase name="testdeleteUserByName[aqwd0520](7)" classname="api.test.DDTestCases1" time="0.235"/>
  <testcase name="testPostUser[1001, rishov0514, Tonny, Shovik, rdijsns@yahoo.com, yrtrs588763258, 636-547-8953](1)" classname="api.test.DDtests" time="0.362">
    <system-out><![CDATA[C:\Users\risho\OneDrive\Desktop\Automation_Testing\PetStoreAPI\testData\UserTestData.xlsx
HTTP/1.1 200 OK
Date: Thu, 25 Apr 2024 16:25:57 GMT
Content-Type: application/json
Transfer-Encoding: chunked
Connection: keep-alive
Access-Control-Allow-Origin: *
Access-Control-Allow-Methods: GET, POST, DELETE, PUT
Access-Control-Allow-Headers: Content-Type, api_key, Authorization
Server: Jetty(9.2.9.v20150224)

{
    "code": 200,
    "type": "unknown",
    "message": "1001"
}
io.restassured.internal.ValidatableResponseImpl@4f1072ee]]></system-out>
  </testcase>
  <testcase name="testPostUser[1002, rtyhov0515, Tammey, Kimberly, rdijsns@yahoo.com, yrtrs588763259, 636-585-2584](2)" classname="api.test.DDtests" time="0.262">
    <system-out><![CDATA[HTTP/1.1 200 OK
Date: Thu, 25 Apr 2024 16:25:57 GMT
Content-Type: application/json
Transfer-Encoding: chunked
Connection: keep-alive
Access-Control-Allow-Origin: *
Access-Control-Allow-Methods: GET, POST, DELETE, PUT
Access-Control-Allow-Headers: Content-Type, api_key, Authorization
Server: Jetty(9.2.9.v20150224)

{
    "code": 200,
    "type": "unknown",
    "message": "1002"
}
io.restassured.internal.ValidatableResponseImpl@3129792a]]></system-out>
  </testcase>
  <testcase name="testPostUser[1003, kiuyov0516, KiGunhh, Smith, rdijsns@yahoo.com, yrtrs588763260, 636-547-1489](3)" classname="api.test.DDtests" time="1.383">
    <system-out><![CDATA[HTTP/1.1 200 OK
Date: Thu, 25 Apr 2024 16:25:59 GMT
Content-Type: application/json
Transfer-Encoding: chunked
Connection: keep-alive
Access-Control-Allow-Origin: *
Access-Control-Allow-Methods: GET, POST, DELETE, PUT
Access-Control-Allow-Headers: Content-Type, api_key, Authorization
Server: Jetty(9.2.9.v20150224)

{
    "code": 200,
    "type": "unknown",
    "message": "1003"
}
io.restassured.internal.ValidatableResponseImpl@6da14f7f]]></system-out>
  </testcase>
  <testcase name="testPostUser[1004, rishov0517, Tonny, Paul, rdijsns@yahoo.com, yrtrs588763261, 636-589-8956](4)" classname="api.test.DDtests" time="0.241">
    <system-out><![CDATA[HTTP/1.1 200 OK
Date: Thu, 25 Apr 2024 16:25:59 GMT
Content-Type: application/json
Transfer-Encoding: chunked
Connection: keep-alive
Access-Control-Allow-Origin: *
Access-Control-Allow-Methods: GET, POST, DELETE, PUT
Access-Control-Allow-Headers: Content-Type, api_key, Authorization
Server: Jetty(9.2.9.v20150224)

{
    "code": 200,
    "type": "unknown",
    "message": "1004"
}
io.restassured.internal.ValidatableResponseImpl@bda4cbe]]></system-out>
  </testcase>
  <testcase name="testPostUser[1005, bhgtv0518, Tonny, Larkin, rdijsns@yahoo.com, yrtrs588763262, 636-014-8921](5)" classname="api.test.DDtests" time="0.513">
    <system-out><![CDATA[HTTP/1.1 200 OK
Date: Thu, 25 Apr 2024 16:26:00 GMT
Content-Type: application/json
Transfer-Encoding: chunked
Connection: keep-alive
Access-Control-Allow-Origin: *
Access-Control-Allow-Methods: GET, POST, DELETE, PUT
Access-Control-Allow-Headers: Content-Type, api_key, Authorization
Server: Jetty(9.2.9.v20150224)

{
    "code": 200,
    "type": "unknown",
    "message": "1005"
}
io.restassured.internal.ValidatableResponseImpl@2e0d6270]]></system-out>
  </testcase>
  <testcase name="testPostUser[1006, lkkuy0519, Tonny, Khan, rdijsns@yahoo.com, yrtrs588763263, 636-547-8958](6)" classname="api.test.DDtests" time="0.261">
    <system-out><![CDATA[HTTP/1.1 200 OK
Date: Thu, 25 Apr 2024 16:26:00 GMT
Content-Type: application/json
Transfer-Encoding: chunked
Connection: keep-alive
Access-Control-Allow-Origin: *
Access-Control-Allow-Methods: GET, POST, DELETE, PUT
Access-Control-Allow-Headers: Content-Type, api_key, Authorization
Server: Jetty(9.2.9.v20150224)

{
    "code": 200,
    "type": "unknown",
    "message": "1006"
}
io.restassured.internal.ValidatableResponseImpl@e8ef60b]]></system-out>
  </testcase>
  <testcase name="testPostUser[1007, aqwd0520, Tonny, Mia, rdijsns@yahoo.com, yrtrs588763264, 636-547-8959](7)" classname="api.test.DDtests" time="0.252">
    <system-out><![CDATA[HTTP/1.1 200 OK
Date: Thu, 25 Apr 2024 16:26:00 GMT
Content-Type: application/json
Transfer-Encoding: chunked
Connection: keep-alive
Access-Control-Allow-Origin: *
Access-Control-Allow-Methods: GET, POST, DELETE, PUT
Access-Control-Allow-Headers: Content-Type, api_key, Authorization
Server: Jetty(9.2.9.v20150224)

{
    "code": 200,
    "type": "unknown",
    "message": "1007"
}
io.restassured.internal.ValidatableResponseImpl@80347b2]]></system-out>
  </testcase>
  <testcase name="testdeleteUserByName[rishov0514](1)" classname="api.test.DDtests" time="0.557"/>
  <testcase name="testdeleteUserByName[rtyhov0515](2)" classname="api.test.DDtests" time="0.248"/>
  <testcase name="testdeleteUserByName[kiuyov0516](3)" classname="api.test.DDtests" time="0.316"/>
  <testcase name="testdeleteUserByName[rishov0517](4)" classname="api.test.DDtests" time="0.313"/>
  <testcase name="testdeleteUserByName[bhgtv0518](5)" classname="api.test.DDtests" time="0.262"/>
  <testcase name="testdeleteUserByName[lkkuy0519](6)" classname="api.test.DDtests" time="0.536"/>
  <testcase name="testdeleteUserByName[aqwd0520](7)" classname="api.test.DDtests" time="0.0"/>
</testsuite>