<?xml version="1.0" encoding="UTF-8"?>
<!-- Generated by org.testng.reporters.JUnitReportReporter -->
<testsuite hostname="CoderGirl" failures="0" tests="14" name="api.test.DDTestCases1" time="3.985" errors="0" timestamp="2024-04-25T10:18:03 CDT" skipped="0">
  <testcase classname="api.test.DDTestCases1" name="testPostUser" time="0.269"/>
  <testcase classname="api.test.DDTestCases1" name="testPostUser" time="0.311"/>
  <testcase classname="api.test.DDTestCases1" name="testPostUser" time="0.279"/>
  <testcase classname="api.test.DDTestCases1" name="testPostUser" time="0.277"/>
  <testcase classname="api.test.DDTestCases1" name="testPostUser" time="0.261"/>
  <testcase classname="api.test.DDTestCases1" name="testPostUser" time="0.258"/>
  <testcase classname="api.test.DDTestCases1" name="testPostUser" time="0.319"/>
  <testcase classname="api.test.DDTestCases1" name="testdeleteUserByName" time="0.480"/>
  <testcase classname="api.test.DDTestCases1" name="testdeleteUserByName" time="0.259"/>
  <testcase classname="api.test.DDTestCases1" name="testdeleteUserByName" time="0.277"/>
  <testcase classname="api.test.DDTestCases1" name="testdeleteUserByName" time="0.311"/>
  <testcase classname="api.test.DDTestCases1" name="testdeleteUserByName" time="0.219"/>
  <testcase classname="api.test.DDTestCases1" name="testdeleteUserByName" time="0.223"/>
  <testcase classname="api.test.DDTestCases1" name="testdeleteUserByName" time="0.242"/>
</testsuite> <!-- api.test.DDTestCases1 -->
