<?xml version="1.0" encoding="UTF-8"?>
<!-- Generated by org.testng.reporters.JUnitReportReporter -->
<testsuite hostname="CoderGirl" failures="0" tests="14" name="api.test.DDTestCases1" time="4.047" errors="0" timestamp="2024-05-25T11:55:31 CDT" skipped="0">
  <testcase classname="api.test.DDTestCases1" name="testPostUser" time="0.275"/>
  <system-out/>
  <testcase classname="api.test.DDTestCases1" name="testPostUser" time="0.338"/>
  <system-out/>
  <testcase classname="api.test.DDTestCases1" name="testPostUser" time="0.350"/>
  <system-out/>
  <testcase classname="api.test.DDTestCases1" name="testPostUser" time="0.328"/>
  <system-out/>
  <testcase classname="api.test.DDTestCases1" name="testPostUser" time="0.303"/>
  <system-out/>
  <testcase classname="api.test.DDTestCases1" name="testPostUser" time="0.350"/>
  <system-out/>
  <testcase classname="api.test.DDTestCases1" name="testPostUser" time="0.283"/>
  <system-out/>
  <testcase classname="api.test.DDTestCases1" name="testdeleteUserByName" time="0.276"/>
  <system-out/>
  <testcase classname="api.test.DDTestCases1" name="testdeleteUserByName" time="0.249"/>
  <system-out/>
  <testcase classname="api.test.DDTestCases1" name="testdeleteUserByName" time="0.256"/>
  <system-out/>
  <testcase classname="api.test.DDTestCases1" name="testdeleteUserByName" time="0.240"/>
  <system-out/>
  <testcase classname="api.test.DDTestCases1" name="testdeleteUserByName" time="0.301"/>
  <system-out/>
  <testcase classname="api.test.DDTestCases1" name="testdeleteUserByName" time="0.247"/>
  <system-out/>
  <testcase classname="api.test.DDTestCases1" name="testdeleteUserByName" time="0.251"/>
  <system-out/>
</testsuite> <!-- api.test.DDTestCases1 -->
