<?xml version="1.0" encoding="UTF-8"?>
<!-- Generated by org.testng.reporters.JUnitReportReporter -->
<testsuite hostname="CoderGirl" failures="0" tests="4" name="api.test.UserTestCases" time="8.566" errors="0" timestamp="2024-04-25T10:18:03 CDT" skipped="0">
  <testcase classname="api.test.UserTestCases" name="testPostUser" time="6.621"/>
  <testcase classname="api.test.UserTestCases" name="testGetUserByName" time="0.322"/>
  <testcase classname="api.test.UserTestCases" name="testUpdateUserByname" time="1.349"/>
  <testcase classname="api.test.UserTestCases" name="testDeleteUserByName" time="0.274"/>
</testsuite> <!-- api.test.UserTestCases -->
