<?xml version="1.0" encoding="UTF-8"?>
<!-- Generated by org.testng.reporters.JUnitReportReporter -->
<testsuite hostname="CoderGirl" failures="0" tests="14" name="api.test.DDtests" time="4.298" errors="0" timestamp="2024-05-25T11:55:31 CDT" skipped="0">
  <testcase classname="api.test.DDtests" name="testPostUser" time="0.260"/>
  <system-out/>
  <testcase classname="api.test.DDtests" name="testPostUser" time="0.403"/>
  <system-out/>
  <testcase classname="api.test.DDtests" name="testPostUser" time="0.339"/>
  <system-out/>
  <testcase classname="api.test.DDtests" name="testPostUser" time="0.341"/>
  <system-out/>
  <testcase classname="api.test.DDtests" name="testPostUser" time="0.249"/>
  <system-out/>
  <testcase classname="api.test.DDtests" name="testPostUser" time="0.331"/>
  <system-out/>
  <testcase classname="api.test.DDtests" name="testPostUser" time="0.274"/>
  <system-out/>
  <testcase classname="api.test.DDtests" name="testdeleteUserByName" time="0.313"/>
  <system-out/>
  <testcase classname="api.test.DDtests" name="testdeleteUserByName" time="0.448"/>
  <system-out/>
  <testcase classname="api.test.DDtests" name="testdeleteUserByName" time="0.279"/>
  <system-out/>
  <testcase classname="api.test.DDtests" name="testdeleteUserByName" time="0.331"/>
  <system-out/>
  <testcase classname="api.test.DDtests" name="testdeleteUserByName" time="0.233"/>
  <system-out/>
  <testcase classname="api.test.DDtests" name="testdeleteUserByName" time="0.278"/>
  <system-out/>
  <testcase classname="api.test.DDtests" name="testdeleteUserByName" time="0.219"/>
  <system-out/>
</testsuite> <!-- api.test.DDtests -->
