<?xml version="1.0" encoding="UTF-8"?>
<!-- Generated by org.testng.reporters.JUnitReportReporter -->
<testsuite hostname="CoderGirl" failures="0" tests="4" name="api.test.UserTeastCases1" time="7.981" errors="0" timestamp="2024-04-25T09:31:58 CDT" skipped="0">
  <testcase classname="api.test.UserTeastCases1" name="testPostUser" time="6.813"/>
  <testcase classname="api.test.UserTeastCases1" name="testGetUserByName" time="0.368"/>
  <testcase classname="api.test.UserTeastCases1" name="testUpdateUserByname" time="0.534"/>
  <testcase classname="api.test.UserTeastCases1" name="testDeleteUserByName" time="0.266"/>
</testsuite> <!-- api.test.UserTeastCases1 -->
