<?xml version="1.0" encoding="UTF-8"?>
<!-- Generated by org.testng.reporters.JUnitReportReporter -->
<testsuite hostname="CoderGirl" failures="0" tests="4" name="api.test.UserTestCases" time="8.899" errors="0" timestamp="2024-04-24T14:11:13 CDT" skipped="0">
  <testcase classname="api.test.UserTestCases" name="testPostUser" time="7.762"/>
  <testcase classname="api.test.UserTestCases" name="testGetUserByName" time="0.302"/>
  <testcase classname="api.test.UserTestCases" name="testUpdateUserByname" time="0.570"/>
  <testcase classname="api.test.UserTestCases" name="testDeleteUserByName" time="0.265"/>
</testsuite> <!-- api.test.UserTestCases -->
