<?xml version="1.0" encoding="UTF-8"?>
<!-- Generated by org.testng.reporters.JUnitReportReporter -->
<testsuite hostname="CoderGirl" failures="0" tests="14" name="api.test.DDtests" time="10.183" errors="0" timestamp="2024-04-24T13:03:01 CDT" skipped="0">
  <testcase classname="api.test.DDtests" name="testPostUser" time="0.263"/>
  <testcase classname="api.test.DDtests" name="testPostUser" time="0.266"/>
  <testcase classname="api.test.DDtests" name="testPostUser" time="0.319"/>
  <testcase classname="api.test.DDtests" name="testPostUser" time="0.285"/>
  <testcase classname="api.test.DDtests" name="testPostUser" time="0.274"/>
  <testcase classname="api.test.DDtests" name="testPostUser" time="0.260"/>
  <testcase classname="api.test.DDtests" name="testPostUser" time="6.477"/>
  <testcase classname="api.test.DDtests" name="testdeleteUserByName" time="0.302"/>
  <testcase classname="api.test.DDtests" name="testdeleteUserByName" time="0.223"/>
  <testcase classname="api.test.DDtests" name="testdeleteUserByName" time="0.287"/>
  <testcase classname="api.test.DDtests" name="testdeleteUserByName" time="0.242"/>
  <testcase classname="api.test.DDtests" name="testdeleteUserByName" time="0.291"/>
  <testcase classname="api.test.DDtests" name="testdeleteUserByName" time="0.243"/>
  <testcase classname="api.test.DDtests" name="testdeleteUserByName" time="0.451"/>
</testsuite> <!-- api.test.DDtests -->
