<?xml version="1.0" encoding="UTF-8"?>
<!-- Generated by org.testng.reporters.JUnitReportReporter -->
<testsuite hostname="CoderGirl" failures="0" tests="4" name="api.test.UserTestCases" time="8.153" errors="0" timestamp="2024-04-18T14:09:51 CDT" skipped="0">
  <testcase classname="api.test.UserTestCases" name="testPostUser" time="6.782"/>
  <testcase classname="api.test.UserTestCases" name="testGetUserByName" time="0.421"/>
  <testcase classname="api.test.UserTestCases" name="testUpdateUserByname" time="0.684"/>
  <testcase classname="api.test.UserTestCases" name="testDeleteUserByName" time="0.266"/>
</testsuite> <!-- api.test.UserTestCases -->
