<?xml version="1.0" encoding="UTF-8"?>
<!-- Generated by org.testng.reporters.JUnitReportReporter -->
<testsuite hostname="CoderGirl" failures="0" tests="4" name="api.test.UserTestCases" time="6.776" errors="0" timestamp="2024-04-17T13:55:56 CDT" skipped="0">
  <testcase classname="api.test.UserTestCases" name="testPostUser" time="5.685"/>
  <testcase classname="api.test.UserTestCases" name="testGetUserByName" time="0.306"/>
  <testcase classname="api.test.UserTestCases" name="testUpdateUserByname" time="0.532"/>
  <testcase classname="api.test.UserTestCases" name="testDeleteUserByName" time="0.253"/>
</testsuite> <!-- api.test.UserTestCases -->
