<?xml version="1.0" encoding="UTF-8"?>
<!-- Generated by org.testng.reporters.JUnitReportReporter -->
<testsuite hostname="CoderGirl" failures="0" tests="4" name="api.test.UserTestCases1" time="1.673" errors="0" timestamp="2024-05-25T11:55:31 CDT" skipped="0">
  <testcase classname="api.test.UserTestCases1" name="testPostUser" time="0.422"/>
  <system-out/>
  <testcase classname="api.test.UserTestCases1" name="testGetUserByName" time="0.418"/>
  <system-out/>
  <testcase classname="api.test.UserTestCases1" name="testUpdateUserByname" time="0.537"/>
  <system-out/>
  <testcase classname="api.test.UserTestCases1" name="testDeleteUserByName" time="0.296"/>
  <system-out/>
</testsuite> <!-- api.test.UserTestCases1 -->
