<?xml version="1.0" encoding="UTF-8"?>
<!-- Generated by org.testng.reporters.JUnitReportReporter -->
<testsuite hostname="CoderGirl" failures="0" tests="4" name="api.test.UserTestCases" time="14.705" errors="0" timestamp="2024-05-25T11:55:31 CDT" skipped="0">
  <testcase classname="api.test.UserTestCases" name="testPostUser" time="13.383"/>
  <system-out/>
  <testcase classname="api.test.UserTestCases" name="testGetUserByName" time="0.367"/>
  <system-out/>
  <testcase classname="api.test.UserTestCases" name="testUpdateUserByname" time="0.634"/>
  <system-out/>
  <testcase classname="api.test.UserTestCases" name="testDeleteUserByName" time="0.321"/>
  <system-out/>
</testsuite> <!-- api.test.UserTestCases -->
