<?xml version="1.0" encoding="UTF-8"?>
<!-- Generated by org.testng.reporters.JUnitReportReporter -->
<testsuite hostname="CoderGirl" failures="0" tests="14" name="api.test.DDtests" time="4.193" errors="0" timestamp="2024-04-25T10:18:03 CDT" skipped="0">
  <testcase classname="api.test.DDtests" name="testPostUser" time="0.258"/>
  <testcase classname="api.test.DDtests" name="testPostUser" time="0.271"/>
  <testcase classname="api.test.DDtests" name="testPostUser" time="0.554"/>
  <testcase classname="api.test.DDtests" name="testPostUser" time="0.365"/>
  <testcase classname="api.test.DDtests" name="testPostUser" time="0.268"/>
  <testcase classname="api.test.DDtests" name="testPostUser" time="0.276"/>
  <testcase classname="api.test.DDtests" name="testPostUser" time="0.383"/>
  <testcase classname="api.test.DDtests" name="testdeleteUserByName" time="0.254"/>
  <testcase classname="api.test.DDtests" name="testdeleteUserByName" time="0.239"/>
  <testcase classname="api.test.DDtests" name="testdeleteUserByName" time="0.220"/>
  <testcase classname="api.test.DDtests" name="testdeleteUserByName" time="0.214"/>
  <testcase classname="api.test.DDtests" name="testdeleteUserByName" time="0.260"/>
  <testcase classname="api.test.DDtests" name="testdeleteUserByName" time="0.238"/>
  <testcase classname="api.test.DDtests" name="testdeleteUserByName" time="0.393"/>
</testsuite> <!-- api.test.DDtests -->
