<?xml version="1.0" encoding="UTF-8"?>
<!-- Generated by org.testng.reporters.JUnitReportReporter -->
<testsuite hostname="CoderGirl" failures="0" tests="4" name="api.test.UserTestCases" time="14.446" errors="0" timestamp="2024-04-25T11:26:03 CDT" skipped="0">
  <testcase classname="api.test.UserTestCases" name="testPostUser" time="13.106"/>
  <testcase classname="api.test.UserTestCases" name="testGetUserByName" time="0.368"/>
  <testcase classname="api.test.UserTestCases" name="testUpdateUserByname" time="0.714"/>
  <testcase classname="api.test.UserTestCases" name="testDeleteUserByName" time="0.258"/>
</testsuite> <!-- api.test.UserTestCases -->
