<?xml version="1.0" encoding="UTF-8"?>
<!-- Generated by org.testng.reporters.JUnitReportReporter -->
<testsuite hostname="CoderGirl" failures="0" tests="14" name="api.test.DDtests" time="5.479" errors="0" timestamp="2024-04-25T11:26:04 CDT" skipped="0">
  <testcase classname="api.test.DDtests" name="testPostUser" time="0.252"/>
  <testcase classname="api.test.DDtests" name="testPostUser" time="0.320"/>
  <testcase classname="api.test.DDtests" name="testPostUser" time="0.273"/>
  <testcase classname="api.test.DDtests" name="testPostUser" time="0.529"/>
  <testcase classname="api.test.DDtests" name="testPostUser" time="0.257"/>
  <testcase classname="api.test.DDtests" name="testPostUser" time="1.363"/>
  <testcase classname="api.test.DDtests" name="testPostUser" time="0.251"/>
  <testcase classname="api.test.DDtests" name="testdeleteUserByName" time="0.256"/>
  <testcase classname="api.test.DDtests" name="testdeleteUserByName" time="0.341"/>
  <testcase classname="api.test.DDtests" name="testdeleteUserByName" time="0.233"/>
  <testcase classname="api.test.DDtests" name="testdeleteUserByName" time="0.243"/>
  <testcase classname="api.test.DDtests" name="testdeleteUserByName" time="0.319"/>
  <testcase classname="api.test.DDtests" name="testdeleteUserByName" time="0.554"/>
  <testcase classname="api.test.DDtests" name="testdeleteUserByName" time="0.288"/>
</testsuite> <!-- api.test.DDtests -->
