<?xml version="1.0" encoding="UTF-8"?>
<!-- Generated by org.testng.reporters.JUnitReportReporter -->
<testsuite hostname="CoderGirl" failures="0" tests="14" name="api.test.DDTestCases1" time="3.796" errors="0" timestamp="2024-04-25T11:26:04 CDT" skipped="0">
  <testcase classname="api.test.DDTestCases1" name="testPostUser" time="0.330"/>
  <testcase classname="api.test.DDTestCases1" name="testPostUser" time="0.253"/>
  <testcase classname="api.test.DDTestCases1" name="testPostUser" time="0.290"/>
  <testcase classname="api.test.DDTestCases1" name="testPostUser" time="0.356"/>
  <testcase classname="api.test.DDTestCases1" name="testPostUser" time="0.255"/>
  <testcase classname="api.test.DDTestCases1" name="testPostUser" time="0.309"/>
  <testcase classname="api.test.DDTestCases1" name="testPostUser" time="0.305"/>
  <testcase classname="api.test.DDTestCases1" name="testdeleteUserByName" time="0.218"/>
  <testcase classname="api.test.DDTestCases1" name="testdeleteUserByName" time="0.247"/>
  <testcase classname="api.test.DDTestCases1" name="testdeleteUserByName" time="0.235"/>
  <testcase classname="api.test.DDTestCases1" name="testdeleteUserByName" time="0.232"/>
  <testcase classname="api.test.DDTestCases1" name="testdeleteUserByName" time="0.255"/>
  <testcase classname="api.test.DDTestCases1" name="testdeleteUserByName" time="0.246"/>
  <testcase classname="api.test.DDTestCases1" name="testdeleteUserByName" time="0.265"/>
</testsuite> <!-- api.test.DDTestCases1 -->
