<?xml version="1.0" encoding="UTF-8"?>
<!-- Generated by org.testng.reporters.JUnitReportReporter -->
<testsuite hostname="CoderGirl" failures="0" tests="4" name="api.test.UserTestCases1" time="1.746" errors="0" timestamp="2024-04-25T11:26:03 CDT" skipped="0">
  <testcase classname="api.test.UserTestCases1" name="testPostUser" time="0.425"/>
  <testcase classname="api.test.UserTestCases1" name="testGetUserByName" time="0.338"/>
  <testcase classname="api.test.UserTestCases1" name="testUpdateUserByname" time="0.628"/>
  <testcase classname="api.test.UserTestCases1" name="testDeleteUserByName" time="0.355"/>
</testsuite> <!-- api.test.UserTestCases1 -->
